<?xml version="1.0" encoding="UTF-8"?>
<testsuite xmlns:xsi="http://www.w3.org/2001/XMLSchema-instance" xsi:noNamespaceSchemaLocation="https://maven.apache.org/surefire/maven-surefire-plugin/xsd/surefire-test-report-3.0.xsd" version="3.0" name="runner.Runner" time="62.904" tests="2" errors="0" skipped="0" failures="0">
  <properties>
[...]
</properties>
  <testcase name="Adicionar produto ao carrinho #1" classname="Como um usuario do MyStore, Eu quero adicionar um produto ao carrinho" time="22.635">
    <system-out><![CDATA[
@regressao
Scenario: Adicionar produto ao carrinho                       # src/test/resources/features/AdicionarProduto.feature:11
Antes
  Given Eu acesso o site MyStore                              # stepdefinitions.StepsDefinition.eu_acesso_o_site_my_store()
  When adicionar o produto "Printed Summer Dress" ao carrinho # stepdefinitions.StepsDefinition.adicionar_o_produto_ao_carrinho(java.lang.String)
  Then o produto deve ser adicionado ao carrinho              # stepdefinitions.StepsDefinition.o_produto_deve_ser_adicionado_ao_carrinho()
Depois
]]></system-out>
    <system-err><![CDATA[Starting ChromeDriver 96.0.4664.45 (76e4c1bb2ab4671b8beba3444e61c0f17584b2fc-refs/branch-heads/4664@{#947}) on port 30343
Only local connections are allowed.
Please see https://chromedriver.chromium.org/security-considerations for suggestions on keeping ChromeDriver safe.
ChromeDriver was started successfully.
jan. 04, 2022 9:34:37 AM org.openqa.selenium.remote.ProtocolHandshake createSession
INFO: Detected dialect: W3C
]]></system-err>
  </testcase>
  <testcase name="Adicionar produto ao carrinho #2" classname="Como um usuario do MyStore, Eu quero adicionar um produto ao carrinho" time="39.792">
    <system-out><![CDATA[
@regressao
Scenario: Adicionar produto ao carrinho                        # src/test/resources/features/AdicionarProduto.feature:12
Antes
  Given Eu acesso o site MyStore                               # stepdefinitions.StepsDefinition.eu_acesso_o_site_my_store()
  When adicionar o produto "Printed Chiffon Dress" ao carrinho # stepdefinitions.StepsDefinition.adicionar_o_produto_ao_carrinho(java.lang.String)
  Then o produto deve ser adicionado ao carrinho               # stepdefinitions.StepsDefinition.o_produto_deve_ser_adicionado_ao_carrinho()
Depois
]]></system-out>
    <system-err><![CDATA[Starting ChromeDriver 96.0.4664.45 (76e4c1bb2ab4671b8beba3444e61c0f17584b2fc-refs/branch-heads/4664@{#947}) on port 28225
Only local connections are allowed.
Please see https://chromedriver.chromium.org/security-considerations for suggestions on keeping ChromeDriver safe.
ChromeDriver was started successfully.
jan. 04, 2022 9:34:58 AM org.openqa.selenium.remote.ProtocolHandshake createSession
INFO: Detected dialect: W3C
]]></system-err>
  </testcase>
</testsuite>